<?xml version="1.0" encoding="UTF-8"?>
<testsuite name="com.test.meetime.ApplicationTests" tests="1" skipped="0" failures="0" errors="0" timestamp="2025-04-09T21:39:56" hostname="RBSN3908" time="0.695">
  <properties/>
  <testcase name="contextLoads()" classname="com.test.meetime.ApplicationTests" time="0.695"/>
  <system-out><![CDATA[18:39:44.412 [Test worker] DEBUG org.springframework.test.context.BootstrapUtils - Instantiating CacheAwareContextLoaderDelegate from class [org.springframework.test.context.cache.DefaultCacheAwareContextLoaderDelegate]
18:39:44.526 [Test worker] DEBUG org.springframework.test.context.BootstrapUtils - Instantiating BootstrapContext using constructor [public org.springframework.test.context.support.DefaultBootstrapContext(java.lang.Class,org.springframework.test.context.CacheAwareContextLoaderDelegate)]
18:39:44.895 [Test worker] DEBUG org.springframework.test.context.BootstrapUtils - Instantiating TestContextBootstrapper for test class [com.test.meetime.ApplicationTests] from class [org.springframework.boot.test.context.SpringBootTestContextBootstrapper]
18:39:44.967 [Test worker] INFO org.springframework.boot.test.context.SpringBootTestContextBootstrapper - Neither @ContextConfiguration nor @ContextHierarchy found for test class [com.test.meetime.ApplicationTests], using SpringBootContextLoader
18:39:44.999 [Test worker] DEBUG org.springframework.test.context.support.AbstractContextLoader - Did not detect default resource location for test class [com.test.meetime.ApplicationTests]: class path resource [com/test/meetime/ApplicationTests-context.xml] does not exist
18:39:45.000 [Test worker] DEBUG org.springframework.test.context.support.AbstractContextLoader - Did not detect default resource location for test class [com.test.meetime.ApplicationTests]: class path resource [com/test/meetime/ApplicationTestsContext.groovy] does not exist
18:39:45.001 [Test worker] INFO org.springframework.test.context.support.AbstractContextLoader - Could not detect default resource locations for test class [com.test.meetime.ApplicationTests]: no resource found for suffixes {-context.xml, Context.groovy}.
18:39:45.006 [Test worker] INFO org.springframework.test.context.support.AnnotationConfigContextLoaderUtils - Could not detect default configuration classes for test class [com.test.meetime.ApplicationTests]: ApplicationTests does not declare any static, non-private, non-final, nested classes annotated with @Configuration.
18:39:45.235 [Test worker] DEBUG org.springframework.test.context.support.ActiveProfilesUtils - Could not find an 'annotation declaring class' for annotation type [org.springframework.test.context.ActiveProfiles] and class [com.test.meetime.ApplicationTests]
18:39:45.575 [Test worker] DEBUG org.springframework.context.annotation.ClassPathScanningCandidateComponentProvider - Identified candidate component class: file [C:\my_projects\meetime\build\classes\java\main\com\test\meetime\Application.class]
18:39:45.578 [Test worker] INFO org.springframework.boot.test.context.SpringBootTestContextBootstrapper - Found @SpringBootConfiguration com.test.meetime.Application for test class com.test.meetime.ApplicationTests
18:39:46.128 [Test worker] DEBUG org.springframework.boot.test.context.SpringBootTestContextBootstrapper - @TestExecutionListeners is not present for class [com.test.meetime.ApplicationTests]: using defaults.
18:39:46.130 [Test worker] INFO org.springframework.boot.test.context.SpringBootTestContextBootstrapper - Loaded default TestExecutionListener class names from location [META-INF/spring.factories]: [org.springframework.boot.test.autoconfigure.restdocs.RestDocsTestExecutionListener, org.springframework.boot.test.autoconfigure.web.client.MockRestServiceServerResetTestExecutionListener, org.springframework.boot.test.autoconfigure.web.servlet.MockMvcPrintOnlyOnFailureTestExecutionListener, org.springframework.boot.test.autoconfigure.web.servlet.WebDriverTestExecutionListener, org.springframework.boot.test.autoconfigure.webservices.client.MockWebServiceServerTestExecutionListener, org.springframework.boot.test.mock.mockito.MockitoTestExecutionListener, org.springframework.boot.test.mock.mockito.ResetMocksTestExecutionListener, org.springframework.test.context.web.ServletTestExecutionListener, org.springframework.test.context.support.DirtiesContextBeforeModesTestExecutionListener, org.springframework.test.context.event.ApplicationEventsTestExecutionListener, org.springframework.test.context.support.DependencyInjectionTestExecutionListener, org.springframework.test.context.support.DirtiesContextTestExecutionListener, org.springframework.test.context.transaction.TransactionalTestExecutionListener, org.springframework.test.context.jdbc.SqlScriptsTestExecutionListener, org.springframework.test.context.event.EventPublishingTestExecutionListener]
18:39:46.242 [Test worker] INFO org.springframework.boot.test.context.SpringBootTestContextBootstrapper - Using TestExecutionListeners: [org.springframework.test.context.web.ServletTestExecutionListener@4e3e11b9, org.springframework.test.context.support.DirtiesContextBeforeModesTestExecutionListener@67cffead, org.springframework.test.context.event.ApplicationEventsTestExecutionListener@214beff9, org.springframework.boot.test.mock.mockito.MockitoTestExecutionListener@1ff15a50, org.springframework.boot.test.autoconfigure.SpringBootDependencyInjectionTestExecutionListener@217c23ce, org.springframework.test.context.support.DirtiesContextTestExecutionListener@39de9bda, org.springframework.test.context.transaction.TransactionalTestExecutionListener@47148f3f, org.springframework.test.context.jdbc.SqlScriptsTestExecutionListener@52226e57, org.springframework.test.context.event.EventPublishingTestExecutionListener@1200458e, org.springframework.boot.test.autoconfigure.restdocs.RestDocsTestExecutionListener@5fcd1c5f, org.springframework.boot.test.autoconfigure.web.client.MockRestServiceServerResetTestExecutionListener@3cc30dee, org.springframework.boot.test.autoconfigure.web.servlet.MockMvcPrintOnlyOnFailureTestExecutionListener@7d528cf7, org.springframework.boot.test.autoconfigure.web.servlet.WebDriverTestExecutionListener@6dee8ae6, org.springframework.boot.test.autoconfigure.webservices.client.MockWebServiceServerTestExecutionListener@5af64ce0, org.springframework.boot.test.mock.mockito.ResetMocksTestExecutionListener@7e7e962d]
18:39:46.257 [Test worker] DEBUG org.springframework.test.context.support.AbstractDirtiesContextTestExecutionListener - Before test class: context [DefaultTestContext@58ae402b testClass = ApplicationTests, testInstance = [null], testMethod = [null], testException = [null], mergedContextConfiguration = [WebMergedContextConfiguration@4099209b testClass = ApplicationTests, locations = '{}', classes = '{class com.test.meetime.Application}', contextInitializerClasses = '[]', activeProfiles = '{}', propertySourceLocations = '{}', propertySourceProperties = '{org.springframework.boot.test.context.SpringBootTestContextBootstrapper=true}', contextCustomizers = set[org.springframework.boot.test.autoconfigure.actuate.metrics.MetricsExportContextCustomizerFactory$DisableMetricExportContextCustomizer@64469d8, org.springframework.boot.test.autoconfigure.properties.PropertyMappingContextCustomizer@0, org.springframework.boot.test.autoconfigure.web.servlet.WebDriverContextCustomizerFactory$Customizer@382c90c2, org.springframework.boot.test.context.filter.ExcludeFilterContextCustomizer@295bf2a, org.springframework.boot.test.json.DuplicateJsonObjectContextCustomizerFactory$DuplicateJsonObjectContextCustomizer@3a08078c, org.springframework.boot.test.mock.mockito.MockitoContextCustomizer@0, org.springframework.boot.test.web.client.TestRestTemplateContextCustomizer@6b69761b, org.springframework.boot.test.context.SpringBootTestArgs@1, org.springframework.boot.test.context.SpringBootTestWebEnvironment@15bcf458], resourceBasePath = 'src/main/webapp', contextLoader = 'org.springframework.boot.test.context.SpringBootContextLoader', parent = [null]], attributes = map['org.springframework.test.context.web.ServletTestExecutionListener.activateListener' -> true]], class annotated with @DirtiesContext [false] with mode [null].

  .   ____          _            __ _ _
 /\\ / ___'_ __ _ _(_)_ __  __ _ \ \ \ \
( ( )\___ | '_ | '_| | '_ \/ _` | \ \ \ \
 \\/  ___)| |_)| | | | | || (_| |  ) ) ) )
  '  |____| .__|_| |_|_| |_\__, | / / / /
 =========|_|==============|___/=/_/_/_/
 :: Spring Boot ::               (v2.7.11)

2025-04-09 18:39:49.005  INFO 16916 --- [    Test worker] com.test.meetime.ApplicationTests        : Starting ApplicationTests using Java 17.0.7 on RBSN3908 with PID 16916 (started by Wellington_Uczak in C:\my_projects\meetime)
2025-04-09 18:39:49.008  INFO 16916 --- [    Test worker] com.test.meetime.ApplicationTests        : The following 1 profile is active: "hlg"
2025-04-09 18:39:52.055  INFO 16916 --- [    Test worker] o.s.cloud.context.scope.GenericScope     : BeanFactory id=80e3e6fc-2d09-32fe-814e-0c3e1f018b89
2025-04-09 18:39:56.722  INFO 16916 --- [    Test worker] o.s.cloud.commons.util.InetUtils         : Cannot determine local hostname
2025-04-09 18:39:56.772  INFO 16916 --- [    Test worker] com.test.meetime.ApplicationTests        : Started ApplicationTests in 10.338 seconds (JVM running for 17.25)
]]></system-out>
  <system-err><![CDATA[[2025.04.09 18:39:46] (Coverage): Error during class instrumentation: org.springframework.boot.logging.log4j2.Log4J2LoggingSystem: java.lang.RuntimeException: java.io.IOException: Class org/apache/logging/log4j/core/config/composite/CompositeConfiguration not found
[2025.04.09 18:39:50] (Coverage): Error during class instrumentation: org.springframework.mail.javamail.JavaMailSenderImpl: java.lang.RuntimeException: java.io.IOException: Class javax/mail/internet/MimeMessage not found
]]></system-err>
</testsuite>
